<?xml version="1.0" encoding="UTF-8"?>
<!-- Generated by org.testng.reporters.JUnitReportReporter -->
<testsuite hostname="Mari" failures="0" tests="1" name="shit.Test" time="1.750" errors="0" timestamp="2024-04-04T20:25:53 CEST" skipped="0">
  <testcase classname="shit.Test" name="Test" time="1.750"/>
</testsuite> <!-- shit.Test -->
